Please be aware that the following tests:
1	
2	
3	
4	
5	
6	
11	
13	
14	
16	
17	
18	
20	
21	
23	
24	
25	
27	
28	
29	
30	
31	
32	
37	
39	
40	
42	
43	
44	
46	
47	
49	
50	
51	
53	
54	
55	
56	
57	
58	
61	
63	
65	
66	
68	
69	
70	
72	
73	
75	
76	
77	
79	
80	
81	
82	
83	
84	
85	
86	
88	
89	
91	
92	
93	
94	
95	
96	
99	
100	
101	
103	
105	
106	
107	
108	
109	
110	
111	
115	
117	
118	
120	
121	
124	
125	
127	
128	
129	
present a configuration that is beyond the range of training of the NN tool
This may affect the predictions ofq

